<svg class="icon me-4" id="Layer_2" xmlns="http://www.w3.org/2000/svg" viewBox="0 0 57.69 57.67">
    <defs>
        <style>
            .cls-1 {
                fill: #040404;
            }
        </style>
    </defs>
    <g id="Layer_2-2" data-name="Layer_2">
        <g>
            <path class="cls-1"
                d="M39.64,57.67c-3.84-.03-7.39-1.04-10.58-3.18-1.16-.77-2.24-1.69-3.23-2.67-6.68-6.63-13.31-13.29-19.97-19.94-2.17-2.16-3.82-4.65-4.81-7.55C.2,21.82-.16,19.23.06,16.57c.34-4.12,1.91-7.72,4.5-10.92.91-1.12,1.77-2.27,2.67-3.39,2.28-2.81,6.15-3.05,8.72-.52,2.98,2.93,5.94,5.87,8.86,8.87,1.75,1.8,2.16,3.95,1.27,6.3-.29.77-.78,1.45-1.38,2.03-.89.86-1.76,1.74-2.63,2.62-1.11,1.12-1.12,2.51-.02,3.62,3.46,3.47,6.93,6.94,10.4,10.4,1.12,1.12,2.51,1.11,3.65-.02.87-.86,1.74-1.72,2.6-2.6,1.45-1.48,3.21-2.04,5.23-1.74,1.22.18,2.27.74,3.15,1.62,2.95,2.95,5.93,5.89,8.86,8.86,2.53,2.57,2.3,6.43-.51,8.69-1.68,1.36-3.38,2.7-5.14,3.96-2.02,1.44-4.28,2.36-6.71,2.87-1.3.27-2.61.45-3.94.44ZM50.09,51.73c-.13-.14-.23-.25-.33-.35-1.98-1.98-3.96-3.96-5.94-5.94-.14-.14-.28-.29-.39-.46-.31-.45-.24-1.03.14-1.41.38-.37.93-.43,1.38-.13.18.12.34.26.49.41,2.06,2.06,4.13,4.12,6.19,6.18.15.15.28.31.53.11.62-.51,1.27-.98,1.88-1.49.95-.79,1.44-1.81,1.36-3.06-.07-.95-.51-1.73-1.18-2.4-2.42-2.41-4.83-4.83-7.25-7.24-.61-.61-1.21-1.23-1.87-1.79-1.18-1-3.14-1.01-4.3.03-1.04.93-2,1.96-3.02,2.92-.37.35-.76.71-1.2.95-1.97,1.07-4.07.78-5.68-.81-3.51-3.48-7-6.98-10.48-10.48-1.49-1.5-1.82-3.39-.99-5.31.12-.27.02-.41-.16-.58-2.54-2.53-5.08-5.07-7.62-7.61-.14-.14-.28-.29-.39-.45-.33-.48-.28-1.05.12-1.44.39-.38.94-.43,1.41-.11.16.11.31.25.45.39,2.5,2.49,4.99,4.99,7.48,7.48.09.09.19.18.27.25.79-.77,1.6-1.47,2.3-2.26,1.36-1.53,1.29-3.5-.15-4.96-2.9-2.94-5.82-5.86-8.76-8.76-1.66-1.64-3.97-1.47-5.45.36-.87,1.08-1.71,2.19-2.58,3.27-1.59,1.98-2.83,4.14-3.5,6.61-.76,2.81-.81,5.64-.13,8.46.76,3.12,2.32,5.8,4.6,8.08,6.72,6.72,13.44,13.44,20.17,20.16,1.31,1.31,2.77,2.41,4.43,3.25,2.37,1.2,4.89,1.81,7.54,1.84,2.24.02,4.4-.4,6.48-1.24,1.48-.6,2.84-1.4,4.14-2.44Z">
            </path>
            <path class="cls-1"
                d="M57.67,22.54c0,.2,0,.4,0,.6-.01.66-.5,1.17-1.11,1.18-.58.01-1.07-.46-1.13-1.09-.04-.46-.06-.92-.08-1.39-.11-2.22-.62-4.35-1.43-6.41-.85-2.13-2.03-4.07-3.52-5.81-1.66-1.94-3.61-3.53-5.84-4.76-1.67-.92-3.44-1.59-5.3-2.03-1.52-.36-3.06-.5-4.61-.56-.61-.02-1.03-.29-1.19-.74-.26-.75.25-1.52,1.06-1.51.87.01,1.75.05,2.62.14,2.15.22,4.22.79,6.22,1.62,2.21.91,4.23,2.15,6.06,3.69,1.61,1.35,3.01,2.89,4.2,4.63,1.59,2.33,2.73,4.87,3.41,7.62.39,1.58.59,3.19.66,4.82Z">
            </path>
            <path class="cls-1"
                d="M35.15,7.81c5.36.37,9.55,2.76,12.45,7.31,1.54,2.41,2.26,5.07,2.31,7.93.01.64-.29,1.08-.83,1.22-.5.14-1.02-.05-1.24-.52-.12-.25-.18-.55-.19-.83-.07-2.44-.74-4.7-2.06-6.77-1.36-2.14-3.2-3.76-5.49-4.85-1.6-.76-3.29-1.17-5.06-1.25-.29-.01-.58-.04-.85-.1-.49-.11-.84-.59-.83-1.07.01-.5.39-.99.9-1.06.29-.04.6,0,.9,0Z">
            </path>
            <path class="cls-1"
                d="M35,15.96c3.15.37,5.32,2.01,6.39,5.01.28.79.44,1.62.3,2.47-.08.5-.56.88-1.07.88-.5,0-.98-.38-1.08-.88-.12-.62-.16-1.27-.36-1.87-.5-1.52-1.55-2.55-3.05-3.07-.55-.19-1.15-.23-1.72-.33-.65-.11-1.09-.6-1.04-1.17.05-.63.54-1.06,1.23-1.07.14,0,.27.02.41.03Z">
            </path>
            <path class="cls-1"
                d="M5.32,18.37c.15-1.06.27-2.07.46-3.08.13-.73.55-1.09,1.13-1.1.67,0,1.19.5,1.12,1.17-.07.72-.24,1.43-.31,2.15-.2,2.29.31,4.44,1.57,6.35.59.9,1.37,1.68,2.08,2.5.33.38.56.77.38,1.29-.23.69-1.09,1.04-1.64.57-.74-.64-1.44-1.35-2.05-2.12-1.06-1.34-1.83-2.87-2.23-4.54-.25-1.05-.35-2.14-.52-3.19Z">
            </path>
            <path class="cls-1"
                d="M42.5,41.39c0,.61-.5,1.13-1.11,1.13-.6,0-1.09-.48-1.11-1.08-.02-.62.46-1.12,1.09-1.14.62-.01,1.13.48,1.14,1.09Z">
            </path>
            <path class="cls-1"
                d="M14.11,29.61c.62,0,1.12.5,1.12,1.12,0,.61-.52,1.13-1.12,1.12-.59-.01-1.09-.51-1.11-1.1-.02-.6.5-1.13,1.11-1.13Z">
            </path>
        </g>
    </g>
</svg>